[0.264s] Invoking command in '/home/jan/dev_ws/src/bugala_kuc/build/urdf_lab2b': PYTHONPATH=/home/jan/dev_ws/src/bugala_kuc/install/urdf_lab2b/lib/python3.8/site-packages:${PYTHONPATH} /usr/bin/python3 setup.py develop --prefix /home/jan/dev_ws/src/bugala_kuc/install/urdf_lab2b --uninstall --editable --build-directory /home/jan/dev_ws/src/bugala_kuc/build/urdf_lab2b/build
[0.528s] running develop
[0.743s] Removing /home/jan/dev_ws/src/bugala_kuc/install/urdf_lab2b/lib/python3.8/site-packages/urdf-lab2b.egg-link (link to .)
[0.774s] Invoked command in '/home/jan/dev_ws/src/bugala_kuc/build/urdf_lab2b' returned '0': PYTHONPATH=/home/jan/dev_ws/src/bugala_kuc/install/urdf_lab2b/lib/python3.8/site-packages:${PYTHONPATH} /usr/bin/python3 setup.py develop --prefix /home/jan/dev_ws/src/bugala_kuc/install/urdf_lab2b --uninstall --editable --build-directory /home/jan/dev_ws/src/bugala_kuc/build/urdf_lab2b/build
[0.775s] Invoking command in '/home/jan/dev_ws/src/bugala_kuc/urdf_lab2b': PYTHONPATH=/home/jan/dev_ws/src/bugala_kuc/install/urdf_lab2b/lib/python3.8/site-packages:${PYTHONPATH} /usr/bin/python3 setup.py egg_info --egg-base ../build/urdf_lab2b build --build-base /home/jan/dev_ws/src/bugala_kuc/build/urdf_lab2b/build install --prefix /home/jan/dev_ws/src/bugala_kuc/install/urdf_lab2b --record /home/jan/dev_ws/src/bugala_kuc/build/urdf_lab2b/install.log --single-version-externally-managed
[1.032s] running egg_info
[1.033s] writing ../build/urdf_lab2b/urdf_lab2b.egg-info/PKG-INFO
[1.033s] writing dependency_links to ../build/urdf_lab2b/urdf_lab2b.egg-info/dependency_links.txt
[1.035s] writing entry points to ../build/urdf_lab2b/urdf_lab2b.egg-info/entry_points.txt
[1.035s] writing requirements to ../build/urdf_lab2b/urdf_lab2b.egg-info/requires.txt
[1.035s] writing top-level names to ../build/urdf_lab2b/urdf_lab2b.egg-info/top_level.txt
[1.066s] reading manifest file '../build/urdf_lab2b/urdf_lab2b.egg-info/SOURCES.txt'
[1.067s] writing manifest file '../build/urdf_lab2b/urdf_lab2b.egg-info/SOURCES.txt'
[1.067s] running build
[1.068s] running build_py
[1.068s] running install
[1.069s] running install_lib
[1.070s] creating /home/jan/dev_ws/src/bugala_kuc/install/urdf_lab2b/lib/python3.8/site-packages/urdf_lab2b
[1.070s] copying /home/jan/dev_ws/src/bugala_kuc/build/urdf_lab2b/build/lib/urdf_lab2b/rpy_calculate.py -> /home/jan/dev_ws/src/bugala_kuc/install/urdf_lab2b/lib/python3.8/site-packages/urdf_lab2b
[1.070s] copying /home/jan/dev_ws/src/bugala_kuc/build/urdf_lab2b/build/lib/urdf_lab2b/matrix.py -> /home/jan/dev_ws/src/bugala_kuc/install/urdf_lab2b/lib/python3.8/site-packages/urdf_lab2b
[1.072s] copying /home/jan/dev_ws/src/bugala_kuc/build/urdf_lab2b/build/lib/urdf_lab2b/state_publisher.py -> /home/jan/dev_ws/src/bugala_kuc/install/urdf_lab2b/lib/python3.8/site-packages/urdf_lab2b
[1.072s] copying /home/jan/dev_ws/src/bugala_kuc/build/urdf_lab2b/build/lib/urdf_lab2b/__init__.py -> /home/jan/dev_ws/src/bugala_kuc/install/urdf_lab2b/lib/python3.8/site-packages/urdf_lab2b
[1.073s] byte-compiling /home/jan/dev_ws/src/bugala_kuc/install/urdf_lab2b/lib/python3.8/site-packages/urdf_lab2b/rpy_calculate.py to rpy_calculate.cpython-38.pyc
[1.075s] byte-compiling /home/jan/dev_ws/src/bugala_kuc/install/urdf_lab2b/lib/python3.8/site-packages/urdf_lab2b/matrix.py to matrix.cpython-38.pyc
[1.076s] byte-compiling /home/jan/dev_ws/src/bugala_kuc/install/urdf_lab2b/lib/python3.8/site-packages/urdf_lab2b/state_publisher.py to state_publisher.cpython-38.pyc
[1.077s] byte-compiling /home/jan/dev_ws/src/bugala_kuc/install/urdf_lab2b/lib/python3.8/site-packages/urdf_lab2b/__init__.py to __init__.cpython-38.pyc
[1.077s] running install_data
[1.078s] copying launch/move_robot_lab2.launch.py -> /home/jan/dev_ws/src/bugala_kuc/install/urdf_lab2b/share/urdf_lab2b
[1.078s] copying launch/joint_publisher.launch.py -> /home/jan/dev_ws/src/bugala_kuc/install/urdf_lab2b/share/urdf_lab2b
[1.078s] running install_egg_info
[1.080s] Copying ../build/urdf_lab2b/urdf_lab2b.egg-info to /home/jan/dev_ws/src/bugala_kuc/install/urdf_lab2b/lib/python3.8/site-packages/urdf_lab2b-0.0.0-py3.8.egg-info
[1.081s] running install_scripts
[1.098s] Installing state_publisher script to /home/jan/dev_ws/src/bugala_kuc/install/urdf_lab2b/lib/urdf_lab2b
[1.098s] writing list of installed files to '/home/jan/dev_ws/src/bugala_kuc/build/urdf_lab2b/install.log'
[1.116s] Invoked command in '/home/jan/dev_ws/src/bugala_kuc/urdf_lab2b' returned '0': PYTHONPATH=/home/jan/dev_ws/src/bugala_kuc/install/urdf_lab2b/lib/python3.8/site-packages:${PYTHONPATH} /usr/bin/python3 setup.py egg_info --egg-base ../build/urdf_lab2b build --build-base /home/jan/dev_ws/src/bugala_kuc/build/urdf_lab2b/build install --prefix /home/jan/dev_ws/src/bugala_kuc/install/urdf_lab2b --record /home/jan/dev_ws/src/bugala_kuc/build/urdf_lab2b/install.log --single-version-externally-managed
