[0.393s] Invoking command in '/home/jan/dev_ws/src/bugala_kuc/urdf_lab2b': PYTHONPATH=/home/jan/dev_ws/src/bugala_kuc/install/urdf_lab2b/lib/python3.8/site-packages:${PYTHONPATH} /usr/bin/python3 setup.py egg_info --egg-base ../build/urdf_lab2b build --build-base /home/jan/dev_ws/src/bugala_kuc/build/urdf_lab2b/build install --prefix /home/jan/dev_ws/src/bugala_kuc/install/urdf_lab2b --record /home/jan/dev_ws/src/bugala_kuc/build/urdf_lab2b/install.log --single-version-externally-managed
[0.736s] running egg_info
[0.737s] writing ../build/urdf_lab2b/urdf_lab2b.egg-info/PKG-INFO
[0.738s] writing dependency_links to ../build/urdf_lab2b/urdf_lab2b.egg-info/dependency_links.txt
[0.738s] writing entry points to ../build/urdf_lab2b/urdf_lab2b.egg-info/entry_points.txt
[0.738s] writing requirements to ../build/urdf_lab2b/urdf_lab2b.egg-info/requires.txt
[0.739s] writing top-level names to ../build/urdf_lab2b/urdf_lab2b.egg-info/top_level.txt
[0.797s] reading manifest file '../build/urdf_lab2b/urdf_lab2b.egg-info/SOURCES.txt'
[0.799s] writing manifest file '../build/urdf_lab2b/urdf_lab2b.egg-info/SOURCES.txt'
[0.802s] running build
[0.803s] running build_py
[0.807s] running install
[0.814s] running install_lib
[0.831s] running install_data
[0.832s] running install_egg_info
[0.835s] removing '/home/jan/dev_ws/src/bugala_kuc/install/urdf_lab2b/lib/python3.8/site-packages/urdf_lab2b-0.0.0-py3.8.egg-info' (and everything under it)
[0.836s] Copying ../build/urdf_lab2b/urdf_lab2b.egg-info to /home/jan/dev_ws/src/bugala_kuc/install/urdf_lab2b/lib/python3.8/site-packages/urdf_lab2b-0.0.0-py3.8.egg-info
[0.838s] running install_scripts
[0.875s] Installing state_publisher script to /home/jan/dev_ws/src/bugala_kuc/install/urdf_lab2b/lib/urdf_lab2b
[0.876s] writing list of installed files to '/home/jan/dev_ws/src/bugala_kuc/build/urdf_lab2b/install.log'
[0.917s] Invoked command in '/home/jan/dev_ws/src/bugala_kuc/urdf_lab2b' returned '0': PYTHONPATH=/home/jan/dev_ws/src/bugala_kuc/install/urdf_lab2b/lib/python3.8/site-packages:${PYTHONPATH} /usr/bin/python3 setup.py egg_info --egg-base ../build/urdf_lab2b build --build-base /home/jan/dev_ws/src/bugala_kuc/build/urdf_lab2b/build install --prefix /home/jan/dev_ws/src/bugala_kuc/install/urdf_lab2b --record /home/jan/dev_ws/src/bugala_kuc/build/urdf_lab2b/install.log --single-version-externally-managed
