running egg_info
creating ../build/urdf_lab2b/urdf_lab2b.egg-info
writing ../build/urdf_lab2b/urdf_lab2b.egg-info/PKG-INFO
writing dependency_links to ../build/urdf_lab2b/urdf_lab2b.egg-info/dependency_links.txt
writing entry points to ../build/urdf_lab2b/urdf_lab2b.egg-info/entry_points.txt
writing requirements to ../build/urdf_lab2b/urdf_lab2b.egg-info/requires.txt
writing top-level names to ../build/urdf_lab2b/urdf_lab2b.egg-info/top_level.txt
writing manifest file '../build/urdf_lab2b/urdf_lab2b.egg-info/SOURCES.txt'
reading manifest file '../build/urdf_lab2b/urdf_lab2b.egg-info/SOURCES.txt'
writing manifest file '../build/urdf_lab2b/urdf_lab2b.egg-info/SOURCES.txt'
running build
running build_py
creating /home/jan/dev_ws/src/bugala_kuc/build/urdf_lab2b/build
creating /home/jan/dev_ws/src/bugala_kuc/build/urdf_lab2b/build/lib
creating /home/jan/dev_ws/src/bugala_kuc/build/urdf_lab2b/build/lib/urdf_lab2b
copying urdf_lab2b/rpy_calculate.py -> /home/jan/dev_ws/src/bugala_kuc/build/urdf_lab2b/build/lib/urdf_lab2b
copying urdf_lab2b/matrix.py -> /home/jan/dev_ws/src/bugala_kuc/build/urdf_lab2b/build/lib/urdf_lab2b
copying urdf_lab2b/state_publisher.py -> /home/jan/dev_ws/src/bugala_kuc/build/urdf_lab2b/build/lib/urdf_lab2b
copying urdf_lab2b/__init__.py -> /home/jan/dev_ws/src/bugala_kuc/build/urdf_lab2b/build/lib/urdf_lab2b
running install
running install_lib
creating /home/jan/dev_ws/src/bugala_kuc/install/urdf_lab2b/lib/python3.8/site-packages/urdf_lab2b
copying /home/jan/dev_ws/src/bugala_kuc/build/urdf_lab2b/build/lib/urdf_lab2b/rpy_calculate.py -> /home/jan/dev_ws/src/bugala_kuc/install/urdf_lab2b/lib/python3.8/site-packages/urdf_lab2b
copying /home/jan/dev_ws/src/bugala_kuc/build/urdf_lab2b/build/lib/urdf_lab2b/matrix.py -> /home/jan/dev_ws/src/bugala_kuc/install/urdf_lab2b/lib/python3.8/site-packages/urdf_lab2b
copying /home/jan/dev_ws/src/bugala_kuc/build/urdf_lab2b/build/lib/urdf_lab2b/state_publisher.py -> /home/jan/dev_ws/src/bugala_kuc/install/urdf_lab2b/lib/python3.8/site-packages/urdf_lab2b
copying /home/jan/dev_ws/src/bugala_kuc/build/urdf_lab2b/build/lib/urdf_lab2b/__init__.py -> /home/jan/dev_ws/src/bugala_kuc/install/urdf_lab2b/lib/python3.8/site-packages/urdf_lab2b
byte-compiling /home/jan/dev_ws/src/bugala_kuc/install/urdf_lab2b/lib/python3.8/site-packages/urdf_lab2b/rpy_calculate.py to rpy_calculate.cpython-38.pyc
byte-compiling /home/jan/dev_ws/src/bugala_kuc/install/urdf_lab2b/lib/python3.8/site-packages/urdf_lab2b/matrix.py to matrix.cpython-38.pyc
byte-compiling /home/jan/dev_ws/src/bugala_kuc/install/urdf_lab2b/lib/python3.8/site-packages/urdf_lab2b/state_publisher.py to state_publisher.cpython-38.pyc
byte-compiling /home/jan/dev_ws/src/bugala_kuc/install/urdf_lab2b/lib/python3.8/site-packages/urdf_lab2b/__init__.py to __init__.cpython-38.pyc
running install_data
creating /home/jan/dev_ws/src/bugala_kuc/install/urdf_lab2b/share/ament_index
creating /home/jan/dev_ws/src/bugala_kuc/install/urdf_lab2b/share/ament_index/resource_index
creating /home/jan/dev_ws/src/bugala_kuc/install/urdf_lab2b/share/ament_index/resource_index/packages
copying resource/urdf_lab2b -> /home/jan/dev_ws/src/bugala_kuc/install/urdf_lab2b/share/ament_index/resource_index/packages
copying package.xml -> /home/jan/dev_ws/src/bugala_kuc/install/urdf_lab2b/share/urdf_lab2b
copying launch/move_robot_lab2.launch.py -> /home/jan/dev_ws/src/bugala_kuc/install/urdf_lab2b/share/urdf_lab2b
copying launch/move_robot_lab2.py -> /home/jan/dev_ws/src/bugala_kuc/install/urdf_lab2b/share/urdf_lab2b
copying launch/joint_publisher.launch.py -> /home/jan/dev_ws/src/bugala_kuc/install/urdf_lab2b/share/urdf_lab2b
copying launch/robot_lab2.launch.py -> /home/jan/dev_ws/src/bugala_kuc/install/urdf_lab2b/share/urdf_lab2b
copying urdf/robot_lab2.rviz -> /home/jan/dev_ws/src/bugala_kuc/install/urdf_lab2b/share/urdf_lab2b
running install_egg_info
Copying ../build/urdf_lab2b/urdf_lab2b.egg-info to /home/jan/dev_ws/src/bugala_kuc/install/urdf_lab2b/lib/python3.8/site-packages/urdf_lab2b-0.0.0-py3.8.egg-info
running install_scripts
Installing state_publisher script to /home/jan/dev_ws/src/bugala_kuc/install/urdf_lab2b/lib/urdf_lab2b
writing list of installed files to '/home/jan/dev_ws/src/bugala_kuc/build/urdf_lab2b/install.log'
