[0.281s] Invoking command in '/home/jan/dev_ws/src/bugala_kuc/urdf_lab2b': PYTHONPATH=/home/jan/dev_ws/src/bugala_kuc/install/urdf_lab2b/lib/python3.8/site-packages:${PYTHONPATH} /usr/bin/python3 setup.py egg_info --egg-base ../build/urdf_lab2b build --build-base /home/jan/dev_ws/src/bugala_kuc/build/urdf_lab2b/build install --prefix /home/jan/dev_ws/src/bugala_kuc/install/urdf_lab2b --record /home/jan/dev_ws/src/bugala_kuc/build/urdf_lab2b/install.log --single-version-externally-managed
[0.522s] running egg_info
[0.523s] creating ../build/urdf_lab2b/urdf_lab2b.egg-info
[0.523s] writing ../build/urdf_lab2b/urdf_lab2b.egg-info/PKG-INFO
[0.523s] writing dependency_links to ../build/urdf_lab2b/urdf_lab2b.egg-info/dependency_links.txt
[0.524s] writing entry points to ../build/urdf_lab2b/urdf_lab2b.egg-info/entry_points.txt
[0.524s] writing requirements to ../build/urdf_lab2b/urdf_lab2b.egg-info/requires.txt
[0.524s] writing top-level names to ../build/urdf_lab2b/urdf_lab2b.egg-info/top_level.txt
[0.529s] writing manifest file '../build/urdf_lab2b/urdf_lab2b.egg-info/SOURCES.txt'
[0.571s] reading manifest file '../build/urdf_lab2b/urdf_lab2b.egg-info/SOURCES.txt'
[0.572s] writing manifest file '../build/urdf_lab2b/urdf_lab2b.egg-info/SOURCES.txt'
[0.573s] running build
[0.573s] running build_py
[0.573s] creating /home/jan/dev_ws/src/bugala_kuc/build/urdf_lab2b/build
[0.573s] creating /home/jan/dev_ws/src/bugala_kuc/build/urdf_lab2b/build/lib
[0.573s] creating /home/jan/dev_ws/src/bugala_kuc/build/urdf_lab2b/build/lib/urdf_lab2b
[0.574s] copying urdf_lab2b/rpy_calculate.py -> /home/jan/dev_ws/src/bugala_kuc/build/urdf_lab2b/build/lib/urdf_lab2b
[0.574s] copying urdf_lab2b/matrix.py -> /home/jan/dev_ws/src/bugala_kuc/build/urdf_lab2b/build/lib/urdf_lab2b
[0.575s] copying urdf_lab2b/state_publisher.py -> /home/jan/dev_ws/src/bugala_kuc/build/urdf_lab2b/build/lib/urdf_lab2b
[0.576s] copying urdf_lab2b/__init__.py -> /home/jan/dev_ws/src/bugala_kuc/build/urdf_lab2b/build/lib/urdf_lab2b
[0.576s] running install
[0.578s] running install_lib
[0.580s] creating /home/jan/dev_ws/src/bugala_kuc/install/urdf_lab2b/lib/python3.8/site-packages/urdf_lab2b
[0.580s] copying /home/jan/dev_ws/src/bugala_kuc/build/urdf_lab2b/build/lib/urdf_lab2b/rpy_calculate.py -> /home/jan/dev_ws/src/bugala_kuc/install/urdf_lab2b/lib/python3.8/site-packages/urdf_lab2b
[0.580s] copying /home/jan/dev_ws/src/bugala_kuc/build/urdf_lab2b/build/lib/urdf_lab2b/matrix.py -> /home/jan/dev_ws/src/bugala_kuc/install/urdf_lab2b/lib/python3.8/site-packages/urdf_lab2b
[0.580s] copying /home/jan/dev_ws/src/bugala_kuc/build/urdf_lab2b/build/lib/urdf_lab2b/state_publisher.py -> /home/jan/dev_ws/src/bugala_kuc/install/urdf_lab2b/lib/python3.8/site-packages/urdf_lab2b
[0.581s] copying /home/jan/dev_ws/src/bugala_kuc/build/urdf_lab2b/build/lib/urdf_lab2b/__init__.py -> /home/jan/dev_ws/src/bugala_kuc/install/urdf_lab2b/lib/python3.8/site-packages/urdf_lab2b
[0.582s] byte-compiling /home/jan/dev_ws/src/bugala_kuc/install/urdf_lab2b/lib/python3.8/site-packages/urdf_lab2b/rpy_calculate.py to rpy_calculate.cpython-38.pyc
[0.584s] byte-compiling /home/jan/dev_ws/src/bugala_kuc/install/urdf_lab2b/lib/python3.8/site-packages/urdf_lab2b/matrix.py to matrix.cpython-38.pyc
[0.585s] byte-compiling /home/jan/dev_ws/src/bugala_kuc/install/urdf_lab2b/lib/python3.8/site-packages/urdf_lab2b/state_publisher.py to state_publisher.cpython-38.pyc
[0.586s] byte-compiling /home/jan/dev_ws/src/bugala_kuc/install/urdf_lab2b/lib/python3.8/site-packages/urdf_lab2b/__init__.py to __init__.cpython-38.pyc
[0.586s] running install_data
[0.587s] creating /home/jan/dev_ws/src/bugala_kuc/install/urdf_lab2b/share/ament_index
[0.587s] creating /home/jan/dev_ws/src/bugala_kuc/install/urdf_lab2b/share/ament_index/resource_index
[0.587s] creating /home/jan/dev_ws/src/bugala_kuc/install/urdf_lab2b/share/ament_index/resource_index/packages
[0.588s] copying resource/urdf_lab2b -> /home/jan/dev_ws/src/bugala_kuc/install/urdf_lab2b/share/ament_index/resource_index/packages
[0.588s] copying package.xml -> /home/jan/dev_ws/src/bugala_kuc/install/urdf_lab2b/share/urdf_lab2b
[0.588s] copying launch/move_robot_lab2.launch.py -> /home/jan/dev_ws/src/bugala_kuc/install/urdf_lab2b/share/urdf_lab2b
[0.589s] copying launch/move_robot_lab2.py -> /home/jan/dev_ws/src/bugala_kuc/install/urdf_lab2b/share/urdf_lab2b
[0.589s] copying launch/joint_publisher.launch.py -> /home/jan/dev_ws/src/bugala_kuc/install/urdf_lab2b/share/urdf_lab2b
[0.590s] copying launch/robot_lab2.launch.py -> /home/jan/dev_ws/src/bugala_kuc/install/urdf_lab2b/share/urdf_lab2b
[0.591s] copying urdf/robot_lab2.rviz -> /home/jan/dev_ws/src/bugala_kuc/install/urdf_lab2b/share/urdf_lab2b
[0.591s] running install_egg_info
[0.594s] Copying ../build/urdf_lab2b/urdf_lab2b.egg-info to /home/jan/dev_ws/src/bugala_kuc/install/urdf_lab2b/lib/python3.8/site-packages/urdf_lab2b-0.0.0-py3.8.egg-info
[0.595s] running install_scripts
[0.619s] Installing state_publisher script to /home/jan/dev_ws/src/bugala_kuc/install/urdf_lab2b/lib/urdf_lab2b
[0.620s] writing list of installed files to '/home/jan/dev_ws/src/bugala_kuc/build/urdf_lab2b/install.log'
[0.640s] Invoked command in '/home/jan/dev_ws/src/bugala_kuc/urdf_lab2b' returned '0': PYTHONPATH=/home/jan/dev_ws/src/bugala_kuc/install/urdf_lab2b/lib/python3.8/site-packages:${PYTHONPATH} /usr/bin/python3 setup.py egg_info --egg-base ../build/urdf_lab2b build --build-base /home/jan/dev_ws/src/bugala_kuc/build/urdf_lab2b/build install --prefix /home/jan/dev_ws/src/bugala_kuc/install/urdf_lab2b --record /home/jan/dev_ws/src/bugala_kuc/build/urdf_lab2b/install.log --single-version-externally-managed
