[0.307s] Invoking command in '/home/jan/dev_ws/src/bugala_kuc/urdf_lab2b': PYTHONPATH=/home/jan/dev_ws/src/bugala_kuc/install/urdf_lab2b/lib/python3.8/site-packages:${PYTHONPATH} /usr/bin/python3 setup.py egg_info --egg-base ../build/urdf_lab2b build --build-base /home/jan/dev_ws/src/bugala_kuc/build/urdf_lab2b/build install --prefix /home/jan/dev_ws/src/bugala_kuc/install/urdf_lab2b --record /home/jan/dev_ws/src/bugala_kuc/build/urdf_lab2b/install.log --single-version-externally-managed
[0.580s] running egg_info
[0.581s] writing ../build/urdf_lab2b/urdf_lab2b.egg-info/PKG-INFO
[0.581s] writing dependency_links to ../build/urdf_lab2b/urdf_lab2b.egg-info/dependency_links.txt
[0.582s] writing entry points to ../build/urdf_lab2b/urdf_lab2b.egg-info/entry_points.txt
[0.582s] writing requirements to ../build/urdf_lab2b/urdf_lab2b.egg-info/requires.txt
[0.582s] writing top-level names to ../build/urdf_lab2b/urdf_lab2b.egg-info/top_level.txt
[0.653s] reading manifest file '../build/urdf_lab2b/urdf_lab2b.egg-info/SOURCES.txt'
[0.654s] writing manifest file '../build/urdf_lab2b/urdf_lab2b.egg-info/SOURCES.txt'
[0.654s] running build
[0.655s] running build_py
[0.655s] copying urdf_lab2b/rpy_calculate.py -> /home/jan/dev_ws/src/bugala_kuc/build/urdf_lab2b/build/lib/urdf_lab2b
[0.656s] running install
[0.658s] running install_lib
[0.660s] copying /home/jan/dev_ws/src/bugala_kuc/build/urdf_lab2b/build/lib/urdf_lab2b/rpy_calculate.py -> /home/jan/dev_ws/src/bugala_kuc/install/urdf_lab2b/lib/python3.8/site-packages/urdf_lab2b
[0.661s] byte-compiling /home/jan/dev_ws/src/bugala_kuc/install/urdf_lab2b/lib/python3.8/site-packages/urdf_lab2b/rpy_calculate.py to rpy_calculate.cpython-38.pyc
[0.664s] running install_data
[0.665s] copying launch/move_robot_lab2.launch.py -> /home/jan/dev_ws/src/bugala_kuc/install/urdf_lab2b/share/urdf_lab2b
[0.666s] copying launch/joint_publisher.launch.py -> /home/jan/dev_ws/src/bugala_kuc/install/urdf_lab2b/share/urdf_lab2b
[0.666s] running install_egg_info
[0.670s] removing '/home/jan/dev_ws/src/bugala_kuc/install/urdf_lab2b/lib/python3.8/site-packages/urdf_lab2b-0.0.0-py3.8.egg-info' (and everything under it)
[0.670s] Copying ../build/urdf_lab2b/urdf_lab2b.egg-info to /home/jan/dev_ws/src/bugala_kuc/install/urdf_lab2b/lib/python3.8/site-packages/urdf_lab2b-0.0.0-py3.8.egg-info
[0.672s] running install_scripts
[0.695s] Installing state_publisher script to /home/jan/dev_ws/src/bugala_kuc/install/urdf_lab2b/lib/urdf_lab2b
[0.696s] writing list of installed files to '/home/jan/dev_ws/src/bugala_kuc/build/urdf_lab2b/install.log'
[0.719s] Invoked command in '/home/jan/dev_ws/src/bugala_kuc/urdf_lab2b' returned '0': PYTHONPATH=/home/jan/dev_ws/src/bugala_kuc/install/urdf_lab2b/lib/python3.8/site-packages:${PYTHONPATH} /usr/bin/python3 setup.py egg_info --egg-base ../build/urdf_lab2b build --build-base /home/jan/dev_ws/src/bugala_kuc/build/urdf_lab2b/build install --prefix /home/jan/dev_ws/src/bugala_kuc/install/urdf_lab2b --record /home/jan/dev_ws/src/bugala_kuc/build/urdf_lab2b/install.log --single-version-externally-managed
