[0.150s] DEBUG:colcon:Command line arguments: ['/usr/bin/colcon', 'build', '--symlink-install', '--packages-select', 'urdf_lab2b']
[0.150s] DEBUG:colcon:Parsed command line arguments: Namespace(ament_cmake_args=None, base_paths=['.'], build_base='build', catkin_cmake_args=None, catkin_skip_building_tests=False, cmake_args=None, cmake_clean_cache=False, cmake_clean_first=False, cmake_force_configure=False, cmake_target=None, cmake_target_skip_unavailable=False, continue_on_error=False, event_handlers=None, executor='parallel', ignore_user_meta=False, install_base='install', log_base=None, log_level=None, main=<bound method BuildVerb.main of <colcon_core.verb.build.BuildVerb object at 0x7fe370d94100>>, merge_install=False, metas=['./colcon.meta'], packages_above=None, packages_above_and_dependencies=None, packages_above_depth=None, packages_end=None, packages_ignore=None, packages_ignore_regex=None, packages_select=['urdf_lab2b'], packages_select_build_failed=False, packages_select_by_dep=None, packages_select_regex=None, packages_select_test_failures=False, packages_skip=None, packages_skip_build_finished=False, packages_skip_by_dep=None, packages_skip_regex=None, packages_skip_test_passed=False, packages_skip_up_to=None, packages_start=None, packages_up_to=None, packages_up_to_regex=None, parallel_workers=2, paths=None, symlink_install=True, test_result_base=None, verb_extension=<colcon_core.verb.build.BuildVerb object at 0x7fe370d94100>, verb_name='build', verb_parser=<colcon_defaults.argument_parser.defaults.DefaultArgumentsDecorator object at 0x7fe370d94580>)
[0.155s] Level 1:colcon.colcon_core.package_discovery:discover_packages(colcon_meta) check parameters
[0.155s] Level 1:colcon.colcon_core.package_discovery:discover_packages(recursive) check parameters
[0.155s] Level 1:colcon.colcon_core.package_discovery:discover_packages(ignore) check parameters
[0.155s] Level 1:colcon.colcon_core.package_discovery:discover_packages(path) check parameters
[0.155s] Level 1:colcon.colcon_core.package_discovery:discover_packages(colcon_meta) discover
[0.155s] Level 1:colcon.colcon_core.package_discovery:discover_packages(recursive) discover
[0.155s] INFO:colcon.colcon_core.package_discovery:Crawling recursively for packages in '/home/jan/dev_ws/src/bugala_kuc'
[0.155s] Level 1:colcon.colcon_core.package_identification:_identify(.) by extensions ['ignore', 'ignore_ament_install']
[0.155s] Level 1:colcon.colcon_core.package_identification:_identify(.) by extension 'ignore'
[0.155s] Level 1:colcon.colcon_core.package_identification:_identify(.) by extension 'ignore_ament_install'
[0.155s] Level 1:colcon.colcon_core.package_identification:_identify(.) by extensions ['colcon_pkg']
[0.155s] Level 1:colcon.colcon_core.package_identification:_identify(.) by extension 'colcon_pkg'
[0.155s] Level 1:colcon.colcon_core.package_identification:_identify(.) by extensions ['colcon_meta']
[0.155s] Level 1:colcon.colcon_core.package_identification:_identify(.) by extension 'colcon_meta'
[0.155s] Level 1:colcon.colcon_core.package_identification:_identify(.) by extensions ['ros']
[0.155s] Level 1:colcon.colcon_core.package_identification:_identify(.) by extension 'ros'
[0.166s] Level 1:colcon.colcon_core.package_identification:_identify(.) by extensions ['cmake', 'python']
[0.166s] Level 1:colcon.colcon_core.package_identification:_identify(.) by extension 'cmake'
[0.166s] Level 1:colcon.colcon_core.package_identification:_identify(.) by extension 'python'
[0.166s] Level 1:colcon.colcon_core.package_identification:_identify(.) by extensions ['python_setup_py']
[0.166s] Level 1:colcon.colcon_core.package_identification:_identify(.) by extension 'python_setup_py'
[0.166s] Level 1:colcon.colcon_core.package_identification:_identify(build) by extensions ['ignore', 'ignore_ament_install']
[0.166s] Level 1:colcon.colcon_core.package_identification:_identify(build) by extension 'ignore'
[0.166s] Level 1:colcon.colcon_core.package_identification:_identify(build) ignored
[0.166s] Level 1:colcon.colcon_core.package_identification:_identify(install) by extensions ['ignore', 'ignore_ament_install']
[0.166s] Level 1:colcon.colcon_core.package_identification:_identify(install) by extension 'ignore'
[0.167s] Level 1:colcon.colcon_core.package_identification:_identify(install) ignored
[0.167s] Level 1:colcon.colcon_core.package_identification:_identify(log) by extensions ['ignore', 'ignore_ament_install']
[0.167s] Level 1:colcon.colcon_core.package_identification:_identify(log) by extension 'ignore'
[0.167s] Level 1:colcon.colcon_core.package_identification:_identify(log) ignored
[0.167s] Level 1:colcon.colcon_core.package_identification:_identify(py_key_control) by extensions ['ignore', 'ignore_ament_install']
[0.167s] Level 1:colcon.colcon_core.package_identification:_identify(py_key_control) by extension 'ignore'
[0.167s] Level 1:colcon.colcon_core.package_identification:_identify(py_key_control) by extension 'ignore_ament_install'
[0.167s] Level 1:colcon.colcon_core.package_identification:_identify(py_key_control) by extensions ['colcon_pkg']
[0.167s] Level 1:colcon.colcon_core.package_identification:_identify(py_key_control) by extension 'colcon_pkg'
[0.167s] Level 1:colcon.colcon_core.package_identification:_identify(py_key_control) by extensions ['colcon_meta']
[0.167s] Level 1:colcon.colcon_core.package_identification:_identify(py_key_control) by extension 'colcon_meta'
[0.167s] Level 1:colcon.colcon_core.package_identification:_identify(py_key_control) by extensions ['ros']
[0.167s] Level 1:colcon.colcon_core.package_identification:_identify(py_key_control) by extension 'ros'
[0.170s] DEBUG:colcon.colcon_core.package_identification:Package 'py_key_control' with type 'ros.ament_python' and name 'py_key_control'
[0.170s] Level 1:colcon.colcon_core.package_identification:_identify(urdf_lab2) by extensions ['ignore', 'ignore_ament_install']
[0.170s] Level 1:colcon.colcon_core.package_identification:_identify(urdf_lab2) by extension 'ignore'
[0.170s] Level 1:colcon.colcon_core.package_identification:_identify(urdf_lab2) by extension 'ignore_ament_install'
[0.170s] Level 1:colcon.colcon_core.package_identification:_identify(urdf_lab2) by extensions ['colcon_pkg']
[0.170s] Level 1:colcon.colcon_core.package_identification:_identify(urdf_lab2) by extension 'colcon_pkg'
[0.170s] Level 1:colcon.colcon_core.package_identification:_identify(urdf_lab2) by extensions ['colcon_meta']
[0.170s] Level 1:colcon.colcon_core.package_identification:_identify(urdf_lab2) by extension 'colcon_meta'
[0.170s] Level 1:colcon.colcon_core.package_identification:_identify(urdf_lab2) by extensions ['ros']
[0.170s] Level 1:colcon.colcon_core.package_identification:_identify(urdf_lab2) by extension 'ros'
[0.171s] DEBUG:colcon.colcon_core.package_identification:Package 'urdf_lab2' with type 'ros.ament_python' and name 'urdf_lab2'
[0.171s] Level 1:colcon.colcon_core.package_identification:_identify(urdf_lab2b) by extensions ['ignore', 'ignore_ament_install']
[0.171s] Level 1:colcon.colcon_core.package_identification:_identify(urdf_lab2b) by extension 'ignore'
[0.171s] Level 1:colcon.colcon_core.package_identification:_identify(urdf_lab2b) by extension 'ignore_ament_install'
[0.171s] Level 1:colcon.colcon_core.package_identification:_identify(urdf_lab2b) by extensions ['colcon_pkg']
[0.171s] Level 1:colcon.colcon_core.package_identification:_identify(urdf_lab2b) by extension 'colcon_pkg'
[0.171s] Level 1:colcon.colcon_core.package_identification:_identify(urdf_lab2b) by extensions ['colcon_meta']
[0.171s] Level 1:colcon.colcon_core.package_identification:_identify(urdf_lab2b) by extension 'colcon_meta'
[0.171s] Level 1:colcon.colcon_core.package_identification:_identify(urdf_lab2b) by extensions ['ros']
[0.171s] Level 1:colcon.colcon_core.package_identification:_identify(urdf_lab2b) by extension 'ros'
[0.172s] DEBUG:colcon.colcon_core.package_identification:Package 'urdf_lab2b' with type 'ros.ament_python' and name 'urdf_lab2b'
[0.172s] Level 1:colcon.colcon_core.package_discovery:discover_packages(recursive) using defaults
[0.172s] Level 1:colcon.colcon_core.package_discovery:discover_packages(ignore) discover
[0.172s] Level 1:colcon.colcon_core.package_discovery:discover_packages(ignore) using defaults
[0.172s] Level 1:colcon.colcon_core.package_discovery:discover_packages(path) discover
[0.172s] Level 1:colcon.colcon_core.package_discovery:discover_packages(path) using defaults
[0.188s] INFO:colcon.colcon_core.package_selection:Skipping not selected package 'py_key_control' in 'py_key_control'
[0.189s] INFO:colcon.colcon_core.package_selection:Skipping not selected package 'urdf_lab2' in 'urdf_lab2'
[0.191s] Level 5:colcon.colcon_core.verb:set package 'urdf_lab2b' build argument 'cmake_args' from command line to 'None'
[0.191s] Level 5:colcon.colcon_core.verb:set package 'urdf_lab2b' build argument 'cmake_target' from command line to 'None'
[0.191s] Level 5:colcon.colcon_core.verb:set package 'urdf_lab2b' build argument 'cmake_target_skip_unavailable' from command line to 'False'
[0.191s] Level 5:colcon.colcon_core.verb:set package 'urdf_lab2b' build argument 'cmake_clean_cache' from command line to 'False'
[0.191s] Level 5:colcon.colcon_core.verb:set package 'urdf_lab2b' build argument 'cmake_clean_first' from command line to 'False'
[0.191s] Level 5:colcon.colcon_core.verb:set package 'urdf_lab2b' build argument 'cmake_force_configure' from command line to 'False'
[0.191s] Level 5:colcon.colcon_core.verb:set package 'urdf_lab2b' build argument 'ament_cmake_args' from command line to 'None'
[0.191s] Level 5:colcon.colcon_core.verb:set package 'urdf_lab2b' build argument 'catkin_cmake_args' from command line to 'None'
[0.191s] Level 5:colcon.colcon_core.verb:set package 'urdf_lab2b' build argument 'catkin_skip_building_tests' from command line to 'False'
[0.191s] DEBUG:colcon.colcon_core.verb:Building package 'urdf_lab2b' with the following arguments: {'ament_cmake_args': None, 'build_base': '/home/jan/dev_ws/src/bugala_kuc/build/urdf_lab2b', 'catkin_cmake_args': None, 'catkin_skip_building_tests': False, 'cmake_args': None, 'cmake_clean_cache': False, 'cmake_clean_first': False, 'cmake_force_configure': False, 'cmake_target': None, 'cmake_target_skip_unavailable': False, 'install_base': '/home/jan/dev_ws/src/bugala_kuc/install/urdf_lab2b', 'merge_install': False, 'path': '/home/jan/dev_ws/src/bugala_kuc/urdf_lab2b', 'symlink_install': True, 'test_result_base': None}
[0.191s] INFO:colcon.colcon_core.executor:Executing jobs using 'parallel' executor
[0.193s] DEBUG:colcon.colcon_parallel_executor.executor.parallel:run_until_complete
[0.194s] INFO:colcon.colcon_ros.task.ament_python.build:Building ROS package in '/home/jan/dev_ws/src/bugala_kuc/urdf_lab2b' with build type 'ament_python'
[0.194s] Level 1:colcon.colcon_core.shell:create_environment_hook('urdf_lab2b', 'ament_prefix_path')
[0.198s] INFO:colcon.colcon_core.plugin_system:Skipping extension 'colcon_core.shell.bat': Not used on non-Windows systems
[0.198s] INFO:colcon.colcon_core.shell:Creating environment hook '/home/jan/dev_ws/src/bugala_kuc/install/urdf_lab2b/share/urdf_lab2b/hook/ament_prefix_path.ps1'
[0.199s] INFO:colcon.colcon_core.shell:Creating environment descriptor '/home/jan/dev_ws/src/bugala_kuc/install/urdf_lab2b/share/urdf_lab2b/hook/ament_prefix_path.dsv'
[0.200s] INFO:colcon.colcon_core.shell:Creating environment hook '/home/jan/dev_ws/src/bugala_kuc/install/urdf_lab2b/share/urdf_lab2b/hook/ament_prefix_path.sh'
[0.201s] INFO:colcon.colcon_core.shell:Skip shell extension 'powershell' for command environment: Not usable outside of PowerShell
[0.201s] DEBUG:colcon.colcon_core.shell:Skip shell extension 'dsv' for command environment
[0.203s] DEBUG:colcon.colcon_core.shell:Ignoring prefix path '/opt/ros/foxy'
[0.456s] INFO:colcon.colcon_core.task.python.build:Building Python package in '/home/jan/dev_ws/src/bugala_kuc/urdf_lab2b'
[0.457s] INFO:colcon.colcon_core.shell:Skip shell extension 'powershell' for command environment: Not usable outside of PowerShell
[0.458s] DEBUG:colcon.colcon_core.shell:Skip shell extension 'dsv' for command environment
[0.460s] DEBUG:colcon.colcon_core.shell:Ignoring prefix path '/opt/ros/foxy'
[0.467s] DEBUG:colcon.colcon_core.event_handler.log_command:Invoking command in '/home/jan/dev_ws/src/bugala_kuc/build/urdf_lab2b': PYTHONPATH=/home/jan/dev_ws/src/bugala_kuc/install/urdf_lab2b/lib/python3.8/site-packages:${PYTHONPATH} /usr/bin/python3 setup.py develop --prefix /home/jan/dev_ws/src/bugala_kuc/install/urdf_lab2b --editable --build-directory /home/jan/dev_ws/src/bugala_kuc/build/urdf_lab2b/build --no-deps install_data --install-dir /home/jan/dev_ws/src/bugala_kuc/install/urdf_lab2b
[0.940s] Level 1:colcon.colcon_core.shell:create_environment_hook('urdf_lab2b', 'pythonpath_develop')
[0.941s] INFO:colcon.colcon_core.shell:Creating environment hook '/home/jan/dev_ws/src/bugala_kuc/build/urdf_lab2b/share/urdf_lab2b/hook/pythonpath_develop.ps1'
[0.942s] INFO:colcon.colcon_core.shell:Creating environment descriptor '/home/jan/dev_ws/src/bugala_kuc/build/urdf_lab2b/share/urdf_lab2b/hook/pythonpath_develop.dsv'
[0.943s] DEBUG:colcon.colcon_core.event_handler.log_command:Invoked command in '/home/jan/dev_ws/src/bugala_kuc/build/urdf_lab2b' returned '0': PYTHONPATH=/home/jan/dev_ws/src/bugala_kuc/install/urdf_lab2b/lib/python3.8/site-packages:${PYTHONPATH} /usr/bin/python3 setup.py develop --prefix /home/jan/dev_ws/src/bugala_kuc/install/urdf_lab2b --editable --build-directory /home/jan/dev_ws/src/bugala_kuc/build/urdf_lab2b/build --no-deps install_data --install-dir /home/jan/dev_ws/src/bugala_kuc/install/urdf_lab2b
[0.944s] INFO:colcon.colcon_core.shell:Creating environment hook '/home/jan/dev_ws/src/bugala_kuc/build/urdf_lab2b/share/urdf_lab2b/hook/pythonpath_develop.sh'
[0.949s] Level 1:colcon.colcon_core.environment:checking '/home/jan/dev_ws/src/bugala_kuc/install/urdf_lab2b' for CMake module files
[0.950s] Level 1:colcon.colcon_core.environment:checking '/home/jan/dev_ws/src/bugala_kuc/install/urdf_lab2b' for CMake config files
[0.951s] Level 1:colcon.colcon_core.environment:checking '/home/jan/dev_ws/src/bugala_kuc/install/urdf_lab2b/lib'
[0.951s] Level 1:colcon.colcon_core.environment:checking '/home/jan/dev_ws/src/bugala_kuc/install/urdf_lab2b/bin'
[0.951s] Level 1:colcon.colcon_core.environment:checking '/home/jan/dev_ws/src/bugala_kuc/install/urdf_lab2b/lib/pkgconfig/urdf_lab2b.pc'
[0.951s] Level 1:colcon.colcon_core.environment:checking '/home/jan/dev_ws/src/bugala_kuc/install/urdf_lab2b/lib/python3.8/site-packages'
[0.951s] Level 1:colcon.colcon_core.shell:create_environment_hook('urdf_lab2b', 'pythonpath')
[0.952s] INFO:colcon.colcon_core.shell:Creating environment hook '/home/jan/dev_ws/src/bugala_kuc/install/urdf_lab2b/share/urdf_lab2b/hook/pythonpath.ps1'
[0.952s] INFO:colcon.colcon_core.shell:Creating environment descriptor '/home/jan/dev_ws/src/bugala_kuc/install/urdf_lab2b/share/urdf_lab2b/hook/pythonpath.dsv'
[0.953s] INFO:colcon.colcon_core.shell:Creating environment hook '/home/jan/dev_ws/src/bugala_kuc/install/urdf_lab2b/share/urdf_lab2b/hook/pythonpath.sh'
[0.953s] Level 1:colcon.colcon_core.environment:create_environment_scripts_only(urdf_lab2b)
[0.954s] INFO:colcon.colcon_core.shell:Creating package script '/home/jan/dev_ws/src/bugala_kuc/install/urdf_lab2b/share/urdf_lab2b/package.ps1'
[0.955s] INFO:colcon.colcon_core.shell:Creating package descriptor '/home/jan/dev_ws/src/bugala_kuc/install/urdf_lab2b/share/urdf_lab2b/package.dsv'
[0.956s] INFO:colcon.colcon_core.shell:Creating package script '/home/jan/dev_ws/src/bugala_kuc/install/urdf_lab2b/share/urdf_lab2b/package.sh'
[0.957s] INFO:colcon.colcon_core.shell:Creating package script '/home/jan/dev_ws/src/bugala_kuc/install/urdf_lab2b/share/urdf_lab2b/package.bash'
[0.957s] INFO:colcon.colcon_core.shell:Creating package script '/home/jan/dev_ws/src/bugala_kuc/install/urdf_lab2b/share/urdf_lab2b/package.zsh'
[0.958s] Level 1:colcon.colcon_core.environment:create_file_with_runtime_dependencies(/home/jan/dev_ws/src/bugala_kuc/install/urdf_lab2b/share/colcon-core/packages/urdf_lab2b)
[0.959s] DEBUG:colcon.colcon_parallel_executor.executor.parallel:closing loop
[0.959s] DEBUG:colcon.colcon_parallel_executor.executor.parallel:loop closed
[0.960s] DEBUG:colcon.colcon_parallel_executor.executor.parallel:run_until_complete finished with '0'
[0.960s] DEBUG:colcon.colcon_core.event_reactor:joining thread
[0.969s] INFO:colcon.colcon_core.plugin_system:Skipping extension 'colcon_notification.desktop_notification.terminal_notifier': Not used on non-Darwin systems
[0.969s] INFO:colcon.colcon_core.plugin_system:Skipping extension 'colcon_notification.desktop_notification.win32': Not used on non-Windows systems
[0.969s] INFO:colcon.colcon_notification.desktop_notification:Sending desktop notification using 'notify2'
[0.997s] DEBUG:colcon.colcon_core.event_reactor:joined thread
[0.998s] INFO:colcon.colcon_core.shell:Creating prefix script '/home/jan/dev_ws/src/bugala_kuc/install/local_setup.ps1'
[0.999s] INFO:colcon.colcon_core.shell:Creating prefix util module '/home/jan/dev_ws/src/bugala_kuc/install/_local_setup_util_ps1.py'
[1.001s] INFO:colcon.colcon_core.shell:Creating prefix chain script '/home/jan/dev_ws/src/bugala_kuc/install/setup.ps1'
[1.005s] INFO:colcon.colcon_core.shell:Creating prefix script '/home/jan/dev_ws/src/bugala_kuc/install/local_setup.sh'
[1.005s] INFO:colcon.colcon_core.shell:Creating prefix util module '/home/jan/dev_ws/src/bugala_kuc/install/_local_setup_util_sh.py'
[1.006s] INFO:colcon.colcon_core.shell:Creating prefix chain script '/home/jan/dev_ws/src/bugala_kuc/install/setup.sh'
[1.009s] INFO:colcon.colcon_core.shell:Creating prefix script '/home/jan/dev_ws/src/bugala_kuc/install/local_setup.bash'
[1.010s] INFO:colcon.colcon_core.shell:Creating prefix chain script '/home/jan/dev_ws/src/bugala_kuc/install/setup.bash'
[1.014s] INFO:colcon.colcon_core.shell:Creating prefix script '/home/jan/dev_ws/src/bugala_kuc/install/local_setup.zsh'
[1.014s] INFO:colcon.colcon_core.shell:Creating prefix chain script '/home/jan/dev_ws/src/bugala_kuc/install/setup.zsh'
